<?xml version="1.0" encoding="UTF-8"?>
<coverage generated="1576577010388" clover="3.2.0">
  <project timestamp="1576577010388" name="All files">
    <metrics statements="9" coveredstatements="6" conditionals="0" coveredconditionals="0" methods="8" coveredmethods="5" elements="17" coveredelements="11" complexity="0" loc="9" ncloc="9" packages="1" files="1" classes="1"/>
    <file name="index.js" path="/Users/pedrofonseca/Documents/codematters/codematters-circleci/index.js">
      <metrics statements="9" coveredstatements="6" conditionals="0" coveredconditionals="0" methods="8" coveredmethods="5"/>
      <line num="2" count="1" type="stmt"/>
      <line num="6" count="1" type="stmt"/>
      <line num="10" count="1" type="stmt"/>
      <line num="14" count="1" type="stmt"/>
      <line num="18" count="1" type="stmt"/>
      <line num="21" count="0" type="stmt"/>
      <line num="24" count="0" type="stmt"/>
      <line num="27" count="0" type="stmt"/>
      <line num="30" count="1" type="stmt"/>
    </file>
  </project>
</coverage>
